#
# There is insufficient memory for the Java Runtime Environment to continue.
# Native memory allocation (mmap) failed to map 134217728 bytes for Failed to commit area from 0x0000000081600000 to 0x0000000089600000 of length 134217728.
# Possible reasons:
#   The system is out of physical RAM or swap space
#   The process is running with CompressedOops enabled, and the Java Heap may be blocking the growth of the native heap
# Possible solutions:
#   Reduce memory load on the system
#   Increase physical memory or swap space
#   Check if swap backing store is full
#   Decrease Java heap size (-Xmx/-Xms)
#   Decrease number of Java threads
#   Decrease Java thread stack sizes (-Xss)
#   Set larger code cache with -XX:ReservedCodeCacheSize=
# This output file may be truncated or incomplete.
#
#  Out of Memory Error (t:/workspace/open/src/hotspot/os/windows/os_windows.cpp:3254), pid=2708, tid=13756
#
# JRE version:  (12.0.1+12) (build )
# Java VM: Java HotSpot(TM) 64-Bit Server VM (12.0.1+12, mixed mode, aot, sharing, tiered, compressed oops, g1 gc, windows-amd64)
# No core dump will be written. Minidumps are not enabled by default on client versions of Windows
#

---------------  S U M M A R Y ------------

Command Line: -Dmaven.multiModuleProjectDirectory=C:\Users\Tofik Mussa\Desktop\MS in CS\CSCI S-71\Term Project\server\LibStatsHelper -Dmaven.home=C:\Program Files\JetBrains\IntelliJ IDEA 2019.2.3\plugins\maven\lib\maven3 -Dclassworlds.conf=C:\Program Files\JetBrains\IntelliJ IDEA 2019.2.3\plugins\maven\lib\maven3\bin\m2.conf -Dmaven.ext.class.path=C:\Program Files\JetBrains\IntelliJ IDEA 2019.2.3\plugins\maven\lib\maven-event-listener.jar -javaagent:C:\Program Files\JetBrains\IntelliJ IDEA 2019.2.3\lib\idea_rt.jar=63795:C:\Program Files\JetBrains\IntelliJ IDEA 2019.2.3\bin -Dfile.encoding=UTF-8 org.codehaus.classworlds.Launcher -Didea.version2019.2.3 -DskipTests=true clean install

Host: Intel(R) Core(TM) i5-8250U CPU @ 1.60GHz, 8 cores, 7G,  Windows 10 , 64 bit Build 18362 (10.0.18362.900)
Time: Sun Jul  5 23:29:04 2020 Eastern Daylight Time elapsed time: 0 seconds (0d 0h 0m 0s)

---------------  T H R E A D  ---------------

Current thread (0x0000015c06f5c000):  JavaThread "Unknown thread" [_thread_in_vm, id=13756, stack(0x0000001226800000,0x0000001226900000)]

Stack: [0x0000001226800000,0x0000001226900000]
Native frames: (J=compiled Java code, j=interpreted, Vv=VM code, C=native code)
V  [jvm.dll+0x63948a]
V  [jvm.dll+0x78b31f]
V  [jvm.dll+0x78c9c1]
V  [jvm.dll+0x78d013]
V  [jvm.dll+0x262138]
V  [jvm.dll+0x63698a]
V  [jvm.dll+0x62b505]
V  [jvm.dll+0x31d9bc]
V  [jvm.dll+0x31d7ef]
V  [jvm.dll+0x323526]
V  [jvm.dll+0x370f76]
V  [jvm.dll+0x370750]
V  [jvm.dll+0x2f786a]
V  [jvm.dll+0x2f8af2]
V  [jvm.dll+0x7657b7]
V  [jvm.dll+0x766e95]
V  [jvm.dll+0x37f089]
V  [jvm.dll+0x749b14]
V  [jvm.dll+0x3ee48d]
V  [jvm.dll+0x3f03c1]
C  [jli.dll+0x51cf]
C  [ucrtbase.dll+0x20e82]
C  [KERNEL32.DLL+0x17bd4]
C  [ntdll.dll+0x6ce51]


---------------  P R O C E S S  ---------------

Threads class SMR info:
_java_thread_list=0x00007ff8578048e8, length=0, elements={
}

Java Threads: ( => current thread )

Other Threads:
  0x0000015c06f9a000 GCTaskThread "GC Thread#0" [stack: 0x0000001226900000,0x0000001226a00000] [id=8092]
  0x0000015c06fa8000 ConcurrentGCThread "G1 Main Marker" [stack: 0x0000001226a00000,0x0000001226b00000] [id=8764]
  0x0000015c06fa9000 ConcurrentGCThread "G1 Conc#0" [stack: 0x0000001226b00000,0x0000001226c00000] [id=6920]

[error occurred during error reporting (printing all threads), id 0xc0000005, EXCEPTION_ACCESS_VIOLATION (0xc0000005) at pc=0x00007ff857037a37]

VM state:not at safepoint (not fully initialized)

VM Mutex/Monitor currently owned by a thread:  ([mutex/lock_event])
[0x0000015c06f58a90] Heap_lock - owner thread: 0x0000015c06f5c000

Heap address: 0x0000000081600000, size: 2026 MB, Compressed Oops mode: Non-zero based: 0x0000000081600000
Narrow klass base: 0x0000000000000000, Narrow klass shift: 0

GC Heap History (0 events):
No events

Deoptimization events (0 events):
No events

Classes redefined (0 events):
No events

Internal exceptions (0 events):
No events

Events (0 events):
No events


Dynamic libraries:
0x00007ff63ebf0000 - 0x00007ff63ebff000 	C:\Program Files\Java\jdk-12.0.1\bin\java.exe
0x00007ff8a0320000 - 0x00007ff8a0510000 	C:\WINDOWS\SYSTEM32\ntdll.dll
0x00007ff8a0080000 - 0x00007ff8a0132000 	C:\WINDOWS\System32\KERNEL32.DLL
0x00007ff89df50000 - 0x00007ff89e1f4000 	C:\WINDOWS\System32\KERNELBASE.dll
0x00007ff89e2d0000 - 0x00007ff89e3ca000 	C:\WINDOWS\System32\ucrtbase.dll
0x00007ff882190000 - 0x00007ff8821a6000 	C:\Program Files\Java\jdk-12.0.1\bin\VCRUNTIME140.dll
0x00007ff882260000 - 0x00007ff882278000 	C:\Program Files\Java\jdk-12.0.1\bin\jli.dll
0x00007ff89e3e0000 - 0x00007ff89e483000 	C:\WINDOWS\System32\ADVAPI32.dll
0x00007ff89e780000 - 0x00007ff89e81e000 	C:\WINDOWS\System32\msvcrt.dll
0x00007ff89e6e0000 - 0x00007ff89e777000 	C:\WINDOWS\System32\sechost.dll
0x00007ff89e8d0000 - 0x00007ff89e9f0000 	C:\WINDOWS\System32\RPCRT4.dll
0x00007ff8a0140000 - 0x00007ff8a02d4000 	C:\WINDOWS\System32\USER32.dll
0x00007ff89dec0000 - 0x00007ff89dee1000 	C:\WINDOWS\System32\win32u.dll
0x00007ff88b320000 - 0x00007ff88b5a4000 	C:\WINDOWS\WinSxS\amd64_microsoft.windows.common-controls_6595b64144ccf1df_6.0.18362.900_none_e6beb9d913147d17\COMCTL32.dll
0x00007ff89ff80000 - 0x00007ff89ffa6000 	C:\WINDOWS\System32\GDI32.dll
0x00007ff89e9f0000 - 0x00007ff89ed25000 	C:\WINDOWS\System32\combase.dll
0x00007ff89db30000 - 0x00007ff89dcc5000 	C:\WINDOWS\System32\gdi32full.dll
0x00007ff89e250000 - 0x00007ff89e2d0000 	C:\WINDOWS\System32\bcryptPrimitives.dll
0x00007ff89dcd0000 - 0x00007ff89dd6e000 	C:\WINDOWS\System32\msvcp_win.dll
0x00007ff897cf0000 - 0x00007ff897cfa000 	C:\WINDOWS\SYSTEM32\VERSION.dll
0x00007ff89e8a0000 - 0x00007ff89e8ce000 	C:\WINDOWS\System32\IMM32.DLL
0x00007ff8741d0000 - 0x00007ff87427a000 	C:\Program Files\Java\jdk-12.0.1\bin\msvcp140.dll
0x00007ff856d30000 - 0x00007ff8578a4000 	C:\Program Files\Java\jdk-12.0.1\bin\server\jvm.dll
0x00007ff89e3d0000 - 0x00007ff89e3d8000 	C:\WINDOWS\System32\PSAPI.DLL
0x00007ff888d60000 - 0x00007ff888d69000 	C:\WINDOWS\SYSTEM32\WSOCK32.dll
0x00007ff898300000 - 0x00007ff898324000 	C:\WINDOWS\SYSTEM32\WINMM.dll
0x00007ff89fc50000 - 0x00007ff89fcbf000 	C:\WINDOWS\System32\WS2_32.dll
0x00007ff8982d0000 - 0x00007ff8982fd000 	C:\WINDOWS\SYSTEM32\winmmbase.dll
0x00007ff89e200000 - 0x00007ff89e24a000 	C:\WINDOWS\System32\cfgmgr32.dll
0x00007ff89d270000 - 0x00007ff89d281000 	C:\WINDOWS\System32\kernel.appcore.dll
0x00007ff881f00000 - 0x00007ff881f11000 	C:\Program Files\Java\jdk-12.0.1\bin\verify.dll
0x00007ff89bb50000 - 0x00007ff89bd44000 	C:\WINDOWS\SYSTEM32\DBGHELP.DLL
0x00007ff8951b0000 - 0x00007ff8951da000 	C:\WINDOWS\SYSTEM32\dbgcore.DLL
0x00007ff881ac0000 - 0x00007ff881ae6000 	C:\Program Files\Java\jdk-12.0.1\bin\java.dll
0x00007ff896cb0000 - 0x00007ff896cbe000 	C:\Program Files\Java\jdk-12.0.1\bin\instrument.dll
0x00007ff881ea0000 - 0x00007ff881eb7000 	C:\Program Files\Java\jdk-12.0.1\bin\zip.dll
0x00007ff88df20000 - 0x00007ff88df2a000 	C:\Program Files\Java\jdk-12.0.1\bin\jimage.dll

dbghelp: loaded successfully - version: 4.0.5 - missing functions: none
symbol engine: initialized successfully - sym options: 0x614 - pdb path: .;C:\Program Files\Java\jdk-12.0.1\bin;C:\WINDOWS\SYSTEM32;C:\WINDOWS\WinSxS\amd64_microsoft.windows.common-controls_6595b64144ccf1df_6.0.18362.900_none_e6beb9d913147d17;C:\Program Files\Java\jdk-12.0.1\bin\server

VM Arguments:
jvm_args: -Dmaven.multiModuleProjectDirectory=C:\Users\Tofik Mussa\Desktop\MS in CS\CSCI S-71\Term Project\server\LibStatsHelper -Dmaven.home=C:\Program Files\JetBrains\IntelliJ IDEA 2019.2.3\plugins\maven\lib\maven3 -Dclassworlds.conf=C:\Program Files\JetBrains\IntelliJ IDEA 2019.2.3\plugins\maven\lib\maven3\bin\m2.conf -Dmaven.ext.class.path=C:\Program Files\JetBrains\IntelliJ IDEA 2019.2.3\plugins\maven\lib\maven-event-listener.jar -javaagent:C:\Program Files\JetBrains\IntelliJ IDEA 2019.2.3\lib\idea_rt.jar=63795:C:\Program Files\JetBrains\IntelliJ IDEA 2019.2.3\bin -Dfile.encoding=UTF-8 
java_command: org.codehaus.classworlds.Launcher -Didea.version2019.2.3 -DskipTests=true clean install
java_class_path (initial): C:\Program Files\JetBrains\IntelliJ IDEA 2019.2.3\plugins\maven\lib\maven3\boot\plexus-classworlds-2.6.0.jar
Launcher Type: SUN_STANDARD

[Global flags]
     intx CICompilerCount                          = 4                                         {product} {ergonomic}
     uint ConcGCThreads                            = 2                                         {product} {ergonomic}
     uint G1ConcRefinementThreads                  = 8                                         {product} {ergonomic}
   size_t G1HeapRegionSize                         = 1048576                                   {product} {ergonomic}
    uintx GCDrainStackTargetSize                   = 64                                        {product} {ergonomic}
   size_t InitialHeapSize                          = 134217728                                 {product} {ergonomic}
   size_t MarkStackSize                            = 4194304                                   {product} {ergonomic}
   size_t MaxHeapSize                              = 2124414976                                {product} {ergonomic}
   size_t MinHeapDeltaBytes                        = 1048576                                   {product} {ergonomic}
    uintx NonNMethodCodeHeapSize                   = 5836300                                {pd product} {ergonomic}
    uintx NonProfiledCodeHeapSize                  = 122910970                              {pd product} {ergonomic}
    uintx ProfiledCodeHeapSize                     = 122910970                              {pd product} {ergonomic}
    uintx ReservedCodeCacheSize                    = 251658240                              {pd product} {ergonomic}
     bool SegmentedCodeCache                       = true                                      {product} {ergonomic}
     bool UseCompressedClassPointers               = true                                 {lp64_product} {ergonomic}
     bool UseCompressedOops                        = true                                 {lp64_product} {ergonomic}
     bool UseG1GC                                  = true                                      {product} {ergonomic}
     bool UseLargePagesIndividualAllocation        = false                                  {pd product} {ergonomic}

Logging:
Log output configuration:
 #0: stdout all=warning uptime,level,tags
 #1: stderr all=off uptime,level,tags

Environment Variables:
JAVA_HOME=C:\Program Files\Java\jdk-12.0.1
PATH=C:\Program Files\Java\jdk-12.0.1\bin;C:\Program Files (x86)\Intel\Intel(R) Management Engine Components\iCLS\;C:\Program Files\Intel\Intel(R) Management Engine Components\iCLS\;C:\WINDOWS\system32;C:\WINDOWS;C:\WINDOWS\System32\Wbem;C:\WINDOWS\System32\WindowsPowerShell\v1.0\;C:\Program Files (x86)\Intel\Intel(R) Management Engine Components\DAL;C:\Program Files\Intel\Intel(R) Management Engine Components\DAL;C:\Program Files (x86)\Intel\Intel(R) Management Engine Components\IPT;C:\Program Files\Intel\Intel(R) Management Engine Components\IPT;C:\Program Files\Git\cmd;C:\WINDOWS\System32\OpenSSH\;C:\Program Files (x86)\Git\bin;C:\Program Files\Git LFS;C:\Program Files\nodejs\;C:\Program Files\apache-maven-3.6.0\bin;C:\Users\Tofik Mussa\Downloads\mongodb-shell-win32-x86_64-2008plus-ssl-4.0.8\mongodb-win32-x86_64-2008plus-ssl-4.0.8\bin;C:\Users\Tofik Mussa\Desktop\MS in CS\CSCI E-55\Projects\mussa_tofik_homework_6\mussa_tofik_homework_6\hw_6\wordcount1\hadoop-3.0.0\bin;"C:\Users\Tofik Mussa\AppData\Local\Microsoft\WindowsApps;C:\Program Files\Git\cmd;C:\Users\Tofik Mussa\Desktop\MS in CS\CSCI E-55\Projects\mussa_tofik_homework_6\mussa_tofik_homework_6\hw_6\wordcount1\hadoop-3.0.0\bin";C:\Program Files\heroku\bin;C:\Users\Tofik Mussa\AppData\Local\Microsoft\WindowsApps;C:\Users\Tofik Mussa\AppData\Roaming\npm;C:\Users\Tofik Mussa\AppData\Local\Programs\Microsoft VS Code\bin;C:\Program Files\Docker Toolbox;C:\Program Files\JetBrains\IntelliJ IDEA 2019.2.3\bin;;
USERNAME=Tofik Mussa
OS=Windows_NT
PROCESSOR_IDENTIFIER=Intel64 Family 6 Model 142 Stepping 10, GenuineIntel



---------------  S Y S T E M  ---------------

OS: Windows 10 , 64 bit Build 18362 (10.0.18362.900)

CPU:total 8 (initial active 8) (4 cores per cpu, 2 threads per core) family 6 model 142 stepping 10, cmov, cx8, fxsr, mmx, sse, sse2, sse3, ssse3, sse4.1, sse4.2, popcnt, avx, avx2, aes, clmul, erms, 3dnowpref, lzcnt, ht, tsc, tscinvbit, bmi1, bmi2, adx, fma

Memory: 4k page, system-wide physical 8101M (1989M free)
TotalPageFile size 12101M (AvailPageFile size 127M)
current process WorkingSet (physical memory assigned to process): 10M, peak: 10M
current process commit charge ("private bytes"): 60M, peak: 188M

vm_info: Java HotSpot(TM) 64-Bit Server VM (12.0.1+12) for windows-amd64 JRE (12.0.1+12), built on Apr  2 2019 14:02:19 by "mach5one" with MS VC++ 15.5 (VS2017)

END.
